[START][2023-08-06 18:48:27] LSP logging initiated
[WARN][2023-08-06 18:48:27] ...lsp/handlers.lua:133	"The language server tailwindcss triggers a registerCapability handler for textDocument/documentColor, textDocument/documentLink, textDocument/completion despite dynamicRegistration set to false. Report upstream, this warning is harmless"
[START][2023-08-06 18:49:23] LSP logging initiated
[WARN][2023-08-06 18:49:23] ...lsp/handlers.lua:133	"The language server tailwindcss triggers a registerCapability handler for textDocument/documentColor, textDocument/documentLink, textDocument/completion despite dynamicRegistration set to false. Report upstream, this warning is harmless"
[START][2023-08-07 22:55:38] LSP logging initiated
[WARN][2023-08-07 22:55:38] ...lsp/handlers.lua:134	"The language server tailwindcss triggers a registerCapability handler for textDocument/documentColor, textDocument/documentLink, textDocument/completion despite dynamicRegistration set to false. Report upstream, this warning is harmless"
[START][2023-08-07 23:44:35] LSP logging initiated
[WARN][2023-08-07 23:44:35] ...lsp/handlers.lua:134	"The language server tailwindcss triggers a registerCapability handler for textDocument/documentColor, textDocument/documentLink, textDocument/completion despite dynamicRegistration set to false. Report upstream, this warning is harmless"
[START][2023-08-07 23:50:41] LSP logging initiated
[WARN][2023-08-07 23:50:41] ...lsp/handlers.lua:134	"The language server tailwindcss triggers a registerCapability handler for textDocument/documentColor, textDocument/documentLink, textDocument/completion despite dynamicRegistration set to false. Report upstream, this warning is harmless"
[START][2023-08-08 23:37:18] LSP logging initiated
[WARN][2023-08-08 23:37:18] ...lsp/handlers.lua:134	"The language server tailwindcss triggers a registerCapability handler for textDocument/documentColor, textDocument/documentLink, textDocument/completion despite dynamicRegistration set to false. Report upstream, this warning is harmless"
[START][2023-08-09 21:34:42] LSP logging initiated
[WARN][2023-08-09 21:34:42] ...lsp/handlers.lua:134	"The language server tailwindcss triggers a registerCapability handler for textDocument/documentColor, textDocument/documentLink, textDocument/completion despite dynamicRegistration set to false. Report upstream, this warning is harmless"
[START][2023-08-09 21:39:41] LSP logging initiated
[WARN][2023-08-09 21:39:41] ...lsp/handlers.lua:134	"The language server tailwindcss triggers a registerCapability handler for textDocument/documentColor, textDocument/documentLink, textDocument/completion despite dynamicRegistration set to false. Report upstream, this warning is harmless"
[START][2023-08-10 00:20:19] LSP logging initiated
[WARN][2023-08-10 00:20:19] ...lsp/handlers.lua:134	"The language server tailwindcss triggers a registerCapability handler for textDocument/documentColor, textDocument/documentLink, textDocument/completion despite dynamicRegistration set to false. Report upstream, this warning is harmless"
[START][2023-08-10 00:27:17] LSP logging initiated
[WARN][2023-08-10 00:27:17] ...lsp/handlers.lua:134	"The language server emmet_ls triggers a registerCapability handler for workspace/didChangeConfiguration despite dynamicRegistration set to false. Report upstream, this warning is harmless"
[WARN][2023-08-10 00:27:17] ...lsp/handlers.lua:134	"The language server emmet_ls triggers a registerCapability handler for workspace/didChangeWorkspaceFolders despite dynamicRegistration set to false. Report upstream, this warning is harmless"
[WARN][2023-08-10 00:27:19] ...lsp/handlers.lua:134	"The language server tailwindcss triggers a registerCapability handler for textDocument/documentColor, textDocument/documentLink, textDocument/completion despite dynamicRegistration set to false. Report upstream, this warning is harmless"
[START][2023-08-10 00:30:28] LSP logging initiated
[WARN][2023-08-10 00:30:28] ...lsp/handlers.lua:134	"The language server emmet_ls triggers a registerCapability handler for workspace/didChangeConfiguration despite dynamicRegistration set to false. Report upstream, this warning is harmless"
[WARN][2023-08-10 00:30:28] ...lsp/handlers.lua:134	"The language server emmet_ls triggers a registerCapability handler for workspace/didChangeWorkspaceFolders despite dynamicRegistration set to false. Report upstream, this warning is harmless"
[WARN][2023-08-10 00:30:30] ...lsp/handlers.lua:134	"The language server tailwindcss triggers a registerCapability handler for textDocument/documentColor, textDocument/documentLink, textDocument/completion despite dynamicRegistration set to false. Report upstream, this warning is harmless"
[START][2023-08-10 23:04:07] LSP logging initiated
[WARN][2023-08-10 23:04:07] ...lsp/handlers.lua:134	"The language server emmet_ls triggers a registerCapability handler for workspace/didChangeConfiguration despite dynamicRegistration set to false. Report upstream, this warning is harmless"
[WARN][2023-08-10 23:04:07] ...lsp/handlers.lua:134	"The language server emmet_ls triggers a registerCapability handler for workspace/didChangeWorkspaceFolders despite dynamicRegistration set to false. Report upstream, this warning is harmless"
[WARN][2023-08-10 23:04:16] ...lsp/handlers.lua:134	"The language server tailwindcss triggers a registerCapability handler for textDocument/documentColor, textDocument/documentLink, textDocument/completion despite dynamicRegistration set to false. Report upstream, this warning is harmless"
[START][2023-08-10 23:51:35] LSP logging initiated
[WARN][2023-08-10 23:51:35] .../lua/vim/lsp.lua:100	"method textDocument/signatureHelp is not supported by any of the servers registered for the current buffer"
[WARN][2023-08-10 23:55:42] ...lsp/handlers.lua:134	"The language server tailwindcss triggers a registerCapability handler for textDocument/documentColor, textDocument/documentLink, textDocument/completion despite dynamicRegistration set to false. Report upstream, this warning is harmless"
[START][2023-08-11 00:25:15] LSP logging initiated
[WARN][2023-08-11 00:25:15] ...lsp/handlers.lua:134	"The language server tailwindcss triggers a registerCapability handler for textDocument/documentColor, textDocument/documentLink, textDocument/completion despite dynamicRegistration set to false. Report upstream, this warning is harmless"
[START][2023-08-11 01:19:50] LSP logging initiated
[WARN][2023-08-11 01:19:50] ...lsp/handlers.lua:134	"The language server tailwindcss triggers a registerCapability handler for textDocument/documentColor, textDocument/documentLink, textDocument/completion despite dynamicRegistration set to false. Report upstream, this warning is harmless"
[START][2023-08-11 01:25:47] LSP logging initiated
[WARN][2023-08-11 01:25:47] ...lsp/handlers.lua:134	"The language server tailwindcss triggers a registerCapability handler for textDocument/documentColor, textDocument/documentLink, textDocument/completion despite dynamicRegistration set to false. Report upstream, this warning is harmless"
[START][2023-08-12 21:36:47] LSP logging initiated
[WARN][2023-08-12 21:36:47] ...lsp/handlers.lua:134	"The language server emmet_ls triggers a registerCapability handler for workspace/didChangeConfiguration despite dynamicRegistration set to false. Report upstream, this warning is harmless"
[WARN][2023-08-12 21:36:47] ...lsp/handlers.lua:134	"The language server emmet_ls triggers a registerCapability handler for workspace/didChangeWorkspaceFolders despite dynamicRegistration set to false. Report upstream, this warning is harmless"
[WARN][2023-08-12 21:36:51] ...lsp/handlers.lua:134	"The language server tailwindcss triggers a registerCapability handler for textDocument/documentColor, textDocument/documentLink, textDocument/completion despite dynamicRegistration set to false. Report upstream, this warning is harmless"
[START][2023-08-12 21:41:51] LSP logging initiated
[WARN][2023-08-12 21:41:51] ...lsp/handlers.lua:134	"The language server emmet_ls triggers a registerCapability handler for workspace/didChangeConfiguration despite dynamicRegistration set to false. Report upstream, this warning is harmless"
[WARN][2023-08-12 21:41:51] ...lsp/handlers.lua:134	"The language server emmet_ls triggers a registerCapability handler for workspace/didChangeWorkspaceFolders despite dynamicRegistration set to false. Report upstream, this warning is harmless"
[WARN][2023-08-12 21:41:53] ...lsp/handlers.lua:134	"The language server tailwindcss triggers a registerCapability handler for textDocument/documentColor, textDocument/documentLink, textDocument/completion despite dynamicRegistration set to false. Report upstream, this warning is harmless"
[START][2023-08-12 22:45:38] LSP logging initiated
[WARN][2023-08-12 22:45:38] ...lsp/handlers.lua:134	"The language server emmet_ls triggers a registerCapability handler for workspace/didChangeConfiguration despite dynamicRegistration set to false. Report upstream, this warning is harmless"
[WARN][2023-08-12 22:45:38] ...lsp/handlers.lua:134	"The language server emmet_ls triggers a registerCapability handler for workspace/didChangeWorkspaceFolders despite dynamicRegistration set to false. Report upstream, this warning is harmless"
[WARN][2023-08-12 22:45:40] ...lsp/handlers.lua:134	"The language server tailwindcss triggers a registerCapability handler for textDocument/documentColor, textDocument/documentLink, textDocument/completion despite dynamicRegistration set to false. Report upstream, this warning is harmless"
[START][2023-08-12 23:07:58] LSP logging initiated
[WARN][2023-08-12 23:07:58] ...lsp/handlers.lua:134	"The language server emmet_ls triggers a registerCapability handler for workspace/didChangeConfiguration despite dynamicRegistration set to false. Report upstream, this warning is harmless"
[WARN][2023-08-12 23:07:58] ...lsp/handlers.lua:134	"The language server emmet_ls triggers a registerCapability handler for workspace/didChangeWorkspaceFolders despite dynamicRegistration set to false. Report upstream, this warning is harmless"
[START][2023-08-12 23:08:05] LSP logging initiated
[WARN][2023-08-12 23:08:05] ...lsp/handlers.lua:134	"The language server emmet_ls triggers a registerCapability handler for workspace/didChangeConfiguration despite dynamicRegistration set to false. Report upstream, this warning is harmless"
[WARN][2023-08-12 23:08:05] ...lsp/handlers.lua:134	"The language server emmet_ls triggers a registerCapability handler for workspace/didChangeWorkspaceFolders despite dynamicRegistration set to false. Report upstream, this warning is harmless"
[WARN][2023-08-12 23:08:07] ...lsp/handlers.lua:134	"The language server tailwindcss triggers a registerCapability handler for textDocument/documentColor, textDocument/documentLink, textDocument/completion despite dynamicRegistration set to false. Report upstream, this warning is harmless"
[START][2023-08-13 17:18:48] LSP logging initiated
[WARN][2023-08-13 17:18:48] ...lsp/handlers.lua:134	"The language server tailwindcss triggers a registerCapability handler for textDocument/documentColor, textDocument/documentLink, textDocument/completion despite dynamicRegistration set to false. Report upstream, this warning is harmless"
[START][2023-08-13 17:25:38] LSP logging initiated
[WARN][2023-08-13 17:25:38] ...lsp/handlers.lua:134	"The language server emmet_ls triggers a registerCapability handler for workspace/didChangeConfiguration despite dynamicRegistration set to false. Report upstream, this warning is harmless"
[WARN][2023-08-13 17:25:38] ...lsp/handlers.lua:134	"The language server emmet_ls triggers a registerCapability handler for workspace/didChangeWorkspaceFolders despite dynamicRegistration set to false. Report upstream, this warning is harmless"
[WARN][2023-08-13 17:25:40] ...lsp/handlers.lua:134	"The language server tailwindcss triggers a registerCapability handler for textDocument/documentColor, textDocument/documentLink, textDocument/completion despite dynamicRegistration set to false. Report upstream, this warning is harmless"
[START][2023-08-13 17:41:51] LSP logging initiated
[WARN][2023-08-13 17:41:51] ...lsp/handlers.lua:134	"The language server emmet_ls triggers a registerCapability handler for workspace/didChangeConfiguration despite dynamicRegistration set to false. Report upstream, this warning is harmless"
[WARN][2023-08-13 17:41:51] ...lsp/handlers.lua:134	"The language server emmet_ls triggers a registerCapability handler for workspace/didChangeWorkspaceFolders despite dynamicRegistration set to false. Report upstream, this warning is harmless"
[WARN][2023-08-13 17:41:53] ...lsp/handlers.lua:134	"The language server tailwindcss triggers a registerCapability handler for textDocument/documentColor, textDocument/documentLink, textDocument/completion despite dynamicRegistration set to false. Report upstream, this warning is harmless"
[START][2023-08-13 17:51:03] LSP logging initiated
[WARN][2023-08-13 17:51:03] ...lsp/handlers.lua:134	"The language server tailwindcss triggers a registerCapability handler for textDocument/documentColor, textDocument/documentLink, textDocument/completion despite dynamicRegistration set to false. Report upstream, this warning is harmless"
[START][2023-08-13 21:42:18] LSP logging initiated
[WARN][2023-08-13 21:42:18] ...lsp/handlers.lua:134	"The language server tailwindcss triggers a registerCapability handler for textDocument/documentColor, textDocument/documentLink, textDocument/completion despite dynamicRegistration set to false. Report upstream, this warning is harmless"
[START][2023-08-13 21:44:52] LSP logging initiated
[WARN][2023-08-13 21:44:52] ...lsp/handlers.lua:134	"The language server tailwindcss triggers a registerCapability handler for textDocument/documentColor, textDocument/documentLink, textDocument/completion despite dynamicRegistration set to false. Report upstream, this warning is harmless"
[START][2023-08-13 21:46:52] LSP logging initiated
[WARN][2023-08-13 21:46:52] ...lsp/handlers.lua:134	"The language server tailwindcss triggers a registerCapability handler for textDocument/documentColor, textDocument/documentLink, textDocument/completion despite dynamicRegistration set to false. Report upstream, this warning is harmless"
[START][2023-08-13 23:57:32] LSP logging initiated
[WARN][2023-08-13 23:57:32] ...lsp/handlers.lua:134	"The language server emmet_ls triggers a registerCapability handler for workspace/didChangeConfiguration despite dynamicRegistration set to false. Report upstream, this warning is harmless"
[WARN][2023-08-13 23:57:32] ...lsp/handlers.lua:134	"The language server emmet_ls triggers a registerCapability handler for workspace/didChangeWorkspaceFolders despite dynamicRegistration set to false. Report upstream, this warning is harmless"
[WARN][2023-08-13 23:57:40] ...lsp/handlers.lua:134	"The language server tailwindcss triggers a registerCapability handler for textDocument/documentColor, textDocument/documentLink, textDocument/completion despite dynamicRegistration set to false. Report upstream, this warning is harmless"
[START][2023-08-14 23:05:12] LSP logging initiated
[WARN][2023-08-14 23:05:12] ...lsp/handlers.lua:134	"The language server emmet_ls triggers a registerCapability handler for workspace/didChangeConfiguration despite dynamicRegistration set to false. Report upstream, this warning is harmless"
[WARN][2023-08-14 23:05:12] ...lsp/handlers.lua:134	"The language server emmet_ls triggers a registerCapability handler for workspace/didChangeWorkspaceFolders despite dynamicRegistration set to false. Report upstream, this warning is harmless"
[WARN][2023-08-14 23:05:22] ...lsp/handlers.lua:134	"The language server tailwindcss triggers a registerCapability handler for textDocument/documentColor, textDocument/documentLink, textDocument/completion despite dynamicRegistration set to false. Report upstream, this warning is harmless"
[WARN][2023-08-14 23:31:46] .../lua/vim/lsp.lua:1170	"server_request: no handler found for"	"workspace/diagnostic/refresh"
[WARN][2023-08-14 23:31:46] .../lua/vim/lsp.lua:1170	"server_request: no handler found for"	"workspace/diagnostic/refresh"
[ERROR][2023-08-14 23:31:46] ...lsp/handlers.lua:543	"Unhandled exception: MethodNotFound\nError: MethodNotFound\n    at handleResponse (C:\\Users\\tranm\\AppData\\Local\\nvim-data\\mason\\packages\\css-lsp\\node_modules\\vscode-langservers-extracted\\node_modules\\vscode-jsonrpc\\lib\\common\\connection.js:565:48)\n    at handleMessage (C:\\Users\\tranm\\AppData\\Local\\nvim-data\\mason\\packages\\css-lsp\\node_modules\\vscode-langservers-extracted\\node_modules\\vscode-jsonrpc\\lib\\common\\connection.js:345:13)\n    at processMessageQueue (C:\\Users\\tranm\\AppData\\Local\\nvim-data\\mason\\packages\\css-lsp\\node_modules\\vscode-langservers-extracted\\node_modules\\vscode-jsonrpc\\lib\\common\\connection.js:362:17)\n    at Immediate.<anonymous> (C:\\Users\\tranm\\AppData\\Local\\nvim-data\\mason\\packages\\css-lsp\\node_modules\\vscode-langservers-extracted\\node_modules\\vscode-jsonrpc\\lib\\common\\connection.js:334:13)\n    at process.processImmediate (node:internal/timers:476:21)"
[ERROR][2023-08-14 23:31:46] ...lsp/handlers.lua:543	"Unhandled exception: MethodNotFound\nError: MethodNotFound\n    at handleResponse (C:\\Users\\tranm\\AppData\\Local\\nvim-data\\mason\\packages\\css-lsp\\node_modules\\vscode-langservers-extracted\\node_modules\\vscode-jsonrpc\\lib\\common\\connection.js:565:48)\n    at handleMessage (C:\\Users\\tranm\\AppData\\Local\\nvim-data\\mason\\packages\\css-lsp\\node_modules\\vscode-langservers-extracted\\node_modules\\vscode-jsonrpc\\lib\\common\\connection.js:345:13)\n    at processMessageQueue (C:\\Users\\tranm\\AppData\\Local\\nvim-data\\mason\\packages\\css-lsp\\node_modules\\vscode-langservers-extracted\\node_modules\\vscode-jsonrpc\\lib\\common\\connection.js:362:17)\n    at Immediate.<anonymous> (C:\\Users\\tranm\\AppData\\Local\\nvim-data\\mason\\packages\\css-lsp\\node_modules\\vscode-langservers-extracted\\node_modules\\vscode-jsonrpc\\lib\\common\\connection.js:334:13)\n    at process.processImmediate (node:internal/timers:476:21)"
[START][2023-08-15 00:17:15] LSP logging initiated
[WARN][2023-08-15 00:17:15] .../lua/vim/lsp.lua:100	"method textDocument/signatureHelp is not supported by any of the servers registered for the current buffer"
[START][2023-08-15 00:51:12] LSP logging initiated
[WARN][2023-08-15 00:51:12] ...lsp/handlers.lua:134	"The language server tailwindcss triggers a registerCapability handler for textDocument/documentColor, textDocument/documentLink, textDocument/completion despite dynamicRegistration set to false. Report upstream, this warning is harmless"
[START][2023-08-15 23:11:40] LSP logging initiated
[WARN][2023-08-15 23:11:40] ...lsp/handlers.lua:134	"The language server emmet_ls triggers a registerCapability handler for workspace/didChangeConfiguration despite dynamicRegistration set to false. Report upstream, this warning is harmless"
[WARN][2023-08-15 23:11:40] ...lsp/handlers.lua:134	"The language server emmet_ls triggers a registerCapability handler for workspace/didChangeWorkspaceFolders despite dynamicRegistration set to false. Report upstream, this warning is harmless"
[WARN][2023-08-15 23:11:40] .../lua/vim/lsp.lua:1170	"server_request: no handler found for"	"workspace/diagnostic/refresh"
[WARN][2023-08-15 23:11:40] .../lua/vim/lsp.lua:1170	"server_request: no handler found for"	"workspace/diagnostic/refresh"
[ERROR][2023-08-15 23:11:40] ...lsp/handlers.lua:543	"Unhandled exception: MethodNotFound\nError: MethodNotFound\n    at handleResponse (C:\\Users\\tranm\\AppData\\Local\\nvim-data\\mason\\packages\\css-lsp\\node_modules\\vscode-langservers-extracted\\node_modules\\vscode-jsonrpc\\lib\\common\\connection.js:565:48)\n    at handleMessage (C:\\Users\\tranm\\AppData\\Local\\nvim-data\\mason\\packages\\css-lsp\\node_modules\\vscode-langservers-extracted\\node_modules\\vscode-jsonrpc\\lib\\common\\connection.js:345:13)\n    at processMessageQueue (C:\\Users\\tranm\\AppData\\Local\\nvim-data\\mason\\packages\\css-lsp\\node_modules\\vscode-langservers-extracted\\node_modules\\vscode-jsonrpc\\lib\\common\\connection.js:362:17)\n    at Immediate.<anonymous> (C:\\Users\\tranm\\AppData\\Local\\nvim-data\\mason\\packages\\css-lsp\\node_modules\\vscode-langservers-extracted\\node_modules\\vscode-jsonrpc\\lib\\common\\connection.js:334:13)\n    at process.processImmediate (node:internal/timers:476:21)"
[ERROR][2023-08-15 23:11:40] ...lsp/handlers.lua:543	"Unhandled exception: MethodNotFound\nError: MethodNotFound\n    at handleResponse (C:\\Users\\tranm\\AppData\\Local\\nvim-data\\mason\\packages\\css-lsp\\node_modules\\vscode-langservers-extracted\\node_modules\\vscode-jsonrpc\\lib\\common\\connection.js:565:48)\n    at handleMessage (C:\\Users\\tranm\\AppData\\Local\\nvim-data\\mason\\packages\\css-lsp\\node_modules\\vscode-langservers-extracted\\node_modules\\vscode-jsonrpc\\lib\\common\\connection.js:345:13)\n    at processMessageQueue (C:\\Users\\tranm\\AppData\\Local\\nvim-data\\mason\\packages\\css-lsp\\node_modules\\vscode-langservers-extracted\\node_modules\\vscode-jsonrpc\\lib\\common\\connection.js:362:17)\n    at Immediate.<anonymous> (C:\\Users\\tranm\\AppData\\Local\\nvim-data\\mason\\packages\\css-lsp\\node_modules\\vscode-langservers-extracted\\node_modules\\vscode-jsonrpc\\lib\\common\\connection.js:334:13)\n    at process.processImmediate (node:internal/timers:476:21)"
[START][2023-08-16 12:51:46] LSP logging initiated
[WARN][2023-08-16 12:51:46] ...lsp/handlers.lua:134	"The language server tailwindcss triggers a registerCapability handler for textDocument/documentColor, textDocument/documentLink, textDocument/completion despite dynamicRegistration set to false. Report upstream, this warning is harmless"
[START][2023-08-16 12:54:53] LSP logging initiated
[WARN][2023-08-16 12:54:53] ...lsp/handlers.lua:134	"The language server tailwindcss triggers a registerCapability handler for textDocument/documentColor, textDocument/documentLink, textDocument/completion despite dynamicRegistration set to false. Report upstream, this warning is harmless"
[START][2023-08-16 23:21:11] LSP logging initiated
[WARN][2023-08-16 23:21:11] ...lsp/handlers.lua:134	"The language server emmet_ls triggers a registerCapability handler for workspace/didChangeConfiguration despite dynamicRegistration set to false. Report upstream, this warning is harmless"
[WARN][2023-08-16 23:21:11] ...lsp/handlers.lua:134	"The language server emmet_ls triggers a registerCapability handler for workspace/didChangeWorkspaceFolders despite dynamicRegistration set to false. Report upstream, this warning is harmless"
[WARN][2023-08-16 23:21:11] .../lua/vim/lsp.lua:1170	"server_request: no handler found for"	"workspace/diagnostic/refresh"
[WARN][2023-08-16 23:21:11] .../lua/vim/lsp.lua:1170	"server_request: no handler found for"	"workspace/diagnostic/refresh"
[ERROR][2023-08-16 23:21:11] ...lsp/handlers.lua:543	"Unhandled exception: MethodNotFound\nError: MethodNotFound\n    at handleResponse (C:\\Users\\tranm\\AppData\\Local\\nvim-data\\mason\\packages\\css-lsp\\node_modules\\vscode-langservers-extracted\\node_modules\\vscode-jsonrpc\\lib\\common\\connection.js:565:48)\n    at handleMessage (C:\\Users\\tranm\\AppData\\Local\\nvim-data\\mason\\packages\\css-lsp\\node_modules\\vscode-langservers-extracted\\node_modules\\vscode-jsonrpc\\lib\\common\\connection.js:345:13)\n    at processMessageQueue (C:\\Users\\tranm\\AppData\\Local\\nvim-data\\mason\\packages\\css-lsp\\node_modules\\vscode-langservers-extracted\\node_modules\\vscode-jsonrpc\\lib\\common\\connection.js:362:17)\n    at Immediate.<anonymous> (C:\\Users\\tranm\\AppData\\Local\\nvim-data\\mason\\packages\\css-lsp\\node_modules\\vscode-langservers-extracted\\node_modules\\vscode-jsonrpc\\lib\\common\\connection.js:334:13)\n    at process.processImmediate (node:internal/timers:476:21)"
[ERROR][2023-08-16 23:21:11] ...lsp/handlers.lua:543	"Unhandled exception: MethodNotFound\nError: MethodNotFound\n    at handleResponse (C:\\Users\\tranm\\AppData\\Local\\nvim-data\\mason\\packages\\css-lsp\\node_modules\\vscode-langservers-extracted\\node_modules\\vscode-jsonrpc\\lib\\common\\connection.js:565:48)\n    at handleMessage (C:\\Users\\tranm\\AppData\\Local\\nvim-data\\mason\\packages\\css-lsp\\node_modules\\vscode-langservers-extracted\\node_modules\\vscode-jsonrpc\\lib\\common\\connection.js:345:13)\n    at processMessageQueue (C:\\Users\\tranm\\AppData\\Local\\nvim-data\\mason\\packages\\css-lsp\\node_modules\\vscode-langservers-extracted\\node_modules\\vscode-jsonrpc\\lib\\common\\connection.js:362:17)\n    at Immediate.<anonymous> (C:\\Users\\tranm\\AppData\\Local\\nvim-data\\mason\\packages\\css-lsp\\node_modules\\vscode-langservers-extracted\\node_modules\\vscode-jsonrpc\\lib\\common\\connection.js:334:13)\n    at process.processImmediate (node:internal/timers:476:21)"
[WARN][2023-08-17 02:10:47] .../lua/vim/lsp.lua:100	"method textDocument/signatureHelp is not supported by any of the servers registered for the current buffer"
[WARN][2023-08-17 02:36:40] .../lua/vim/lsp.lua:100	"method textDocument/signatureHelp is not supported by any of the servers registered for the current buffer"
[WARN][2023-08-17 02:36:41] .../lua/vim/lsp.lua:100	"method textDocument/signatureHelp is not supported by any of the servers registered for the current buffer"
[WARN][2023-08-18 01:27:49] .../lua/vim/lsp.lua:100	"method textDocument/signatureHelp is not supported by any of the servers registered for the current buffer"
[WARN][2023-08-18 01:27:55] .../lua/vim/lsp.lua:100	"method textDocument/signatureHelp is not supported by any of the servers registered for the current buffer"
[WARN][2023-08-18 01:27:56] .../lua/vim/lsp.lua:100	"method textDocument/signatureHelp is not supported by any of the servers registered for the current buffer"
[WARN][2023-08-18 02:12:03] .../lua/vim/lsp.lua:100	"method textDocument/signatureHelp is not supported by any of the servers registered for the current buffer"
[START][2023-08-18 02:15:43] LSP logging initiated
[WARN][2023-08-18 02:15:43] ...lsp/handlers.lua:134	"The language server emmet_ls triggers a registerCapability handler for workspace/didChangeConfiguration despite dynamicRegistration set to false. Report upstream, this warning is harmless"
[WARN][2023-08-18 02:15:43] ...lsp/handlers.lua:134	"The language server emmet_ls triggers a registerCapability handler for workspace/didChangeWorkspaceFolders despite dynamicRegistration set to false. Report upstream, this warning is harmless"
[WARN][2023-08-18 02:15:43] .../lua/vim/lsp.lua:1170	"server_request: no handler found for"	"workspace/diagnostic/refresh"
[WARN][2023-08-18 02:15:43] .../lua/vim/lsp.lua:1170	"server_request: no handler found for"	"workspace/diagnostic/refresh"
[ERROR][2023-08-18 02:15:43] ...lsp/handlers.lua:543	"Unhandled exception: MethodNotFound\nError: MethodNotFound\n    at handleResponse (C:\\Users\\tranm\\AppData\\Local\\nvim-data\\mason\\packages\\css-lsp\\node_modules\\vscode-langservers-extracted\\node_modules\\vscode-jsonrpc\\lib\\common\\connection.js:565:48)\n    at handleMessage (C:\\Users\\tranm\\AppData\\Local\\nvim-data\\mason\\packages\\css-lsp\\node_modules\\vscode-langservers-extracted\\node_modules\\vscode-jsonrpc\\lib\\common\\connection.js:345:13)\n    at processMessageQueue (C:\\Users\\tranm\\AppData\\Local\\nvim-data\\mason\\packages\\css-lsp\\node_modules\\vscode-langservers-extracted\\node_modules\\vscode-jsonrpc\\lib\\common\\connection.js:362:17)\n    at Immediate.<anonymous> (C:\\Users\\tranm\\AppData\\Local\\nvim-data\\mason\\packages\\css-lsp\\node_modules\\vscode-langservers-extracted\\node_modules\\vscode-jsonrpc\\lib\\common\\connection.js:334:13)\n    at process.processImmediate (node:internal/timers:476:21)"
[ERROR][2023-08-18 02:15:43] ...lsp/handlers.lua:543	"Unhandled exception: MethodNotFound\nError: MethodNotFound\n    at handleResponse (C:\\Users\\tranm\\AppData\\Local\\nvim-data\\mason\\packages\\css-lsp\\node_modules\\vscode-langservers-extracted\\node_modules\\vscode-jsonrpc\\lib\\common\\connection.js:565:48)\n    at handleMessage (C:\\Users\\tranm\\AppData\\Local\\nvim-data\\mason\\packages\\css-lsp\\node_modules\\vscode-langservers-extracted\\node_modules\\vscode-jsonrpc\\lib\\common\\connection.js:345:13)\n    at processMessageQueue (C:\\Users\\tranm\\AppData\\Local\\nvim-data\\mason\\packages\\css-lsp\\node_modules\\vscode-langservers-extracted\\node_modules\\vscode-jsonrpc\\lib\\common\\connection.js:362:17)\n    at Immediate.<anonymous> (C:\\Users\\tranm\\AppData\\Local\\nvim-data\\mason\\packages\\css-lsp\\node_modules\\vscode-langservers-extracted\\node_modules\\vscode-jsonrpc\\lib\\common\\connection.js:334:13)\n    at process.processImmediate (node:internal/timers:476:21)"
[START][2023-08-18 23:49:29] LSP logging initiated
[WARN][2023-08-18 23:49:29] ...lsp/handlers.lua:134	"The language server emmet_ls triggers a registerCapability handler for workspace/didChangeConfiguration despite dynamicRegistration set to false. Report upstream, this warning is harmless"
[WARN][2023-08-18 23:49:29] ...lsp/handlers.lua:134	"The language server emmet_ls triggers a registerCapability handler for workspace/didChangeWorkspaceFolders despite dynamicRegistration set to false. Report upstream, this warning is harmless"
[WARN][2023-08-18 23:49:30] .../lua/vim/lsp.lua:1170	"server_request: no handler found for"	"workspace/diagnostic/refresh"
[WARN][2023-08-18 23:49:30] .../lua/vim/lsp.lua:1170	"server_request: no handler found for"	"workspace/diagnostic/refresh"
[ERROR][2023-08-18 23:49:30] ...lsp/handlers.lua:543	"Unhandled exception: MethodNotFound\nError: MethodNotFound\n    at handleResponse (C:\\Users\\tranm\\AppData\\Local\\nvim-data\\mason\\packages\\css-lsp\\node_modules\\vscode-langservers-extracted\\node_modules\\vscode-jsonrpc\\lib\\common\\connection.js:565:48)\n    at handleMessage (C:\\Users\\tranm\\AppData\\Local\\nvim-data\\mason\\packages\\css-lsp\\node_modules\\vscode-langservers-extracted\\node_modules\\vscode-jsonrpc\\lib\\common\\connection.js:345:13)\n    at processMessageQueue (C:\\Users\\tranm\\AppData\\Local\\nvim-data\\mason\\packages\\css-lsp\\node_modules\\vscode-langservers-extracted\\node_modules\\vscode-jsonrpc\\lib\\common\\connection.js:362:17)\n    at Immediate.<anonymous> (C:\\Users\\tranm\\AppData\\Local\\nvim-data\\mason\\packages\\css-lsp\\node_modules\\vscode-langservers-extracted\\node_modules\\vscode-jsonrpc\\lib\\common\\connection.js:334:13)\n    at process.processImmediate (node:internal/timers:476:21)"
[ERROR][2023-08-18 23:49:30] ...lsp/handlers.lua:543	"Unhandled exception: MethodNotFound\nError: MethodNotFound\n    at handleResponse (C:\\Users\\tranm\\AppData\\Local\\nvim-data\\mason\\packages\\css-lsp\\node_modules\\vscode-langservers-extracted\\node_modules\\vscode-jsonrpc\\lib\\common\\connection.js:565:48)\n    at handleMessage (C:\\Users\\tranm\\AppData\\Local\\nvim-data\\mason\\packages\\css-lsp\\node_modules\\vscode-langservers-extracted\\node_modules\\vscode-jsonrpc\\lib\\common\\connection.js:345:13)\n    at processMessageQueue (C:\\Users\\tranm\\AppData\\Local\\nvim-data\\mason\\packages\\css-lsp\\node_modules\\vscode-langservers-extracted\\node_modules\\vscode-jsonrpc\\lib\\common\\connection.js:362:17)\n    at Immediate.<anonymous> (C:\\Users\\tranm\\AppData\\Local\\nvim-data\\mason\\packages\\css-lsp\\node_modules\\vscode-langservers-extracted\\node_modules\\vscode-jsonrpc\\lib\\common\\connection.js:334:13)\n    at process.processImmediate (node:internal/timers:476:21)"
[WARN][2023-08-19 01:17:53] .../lua/vim/lsp.lua:100	"method textDocument/signatureHelp is not supported by any of the servers registered for the current buffer"
[WARN][2023-08-19 01:17:54] .../lua/vim/lsp.lua:100	"method textDocument/signatureHelp is not supported by any of the servers registered for the current buffer"
[WARN][2023-08-19 01:17:54] .../lua/vim/lsp.lua:100	"method textDocument/signatureHelp is not supported by any of the servers registered for the current buffer"
[START][2023-08-19 01:21:58] LSP logging initiated
[WARN][2023-08-19 01:21:58] ...lsp/handlers.lua:134	"The language server emmet_ls triggers a registerCapability handler for workspace/didChangeConfiguration despite dynamicRegistration set to false. Report upstream, this warning is harmless"
[WARN][2023-08-19 01:21:58] ...lsp/handlers.lua:134	"The language server emmet_ls triggers a registerCapability handler for workspace/didChangeWorkspaceFolders despite dynamicRegistration set to false. Report upstream, this warning is harmless"
[WARN][2023-08-19 01:21:58] .../lua/vim/lsp.lua:1170	"server_request: no handler found for"	"workspace/diagnostic/refresh"
[WARN][2023-08-19 01:21:58] .../lua/vim/lsp.lua:1170	"server_request: no handler found for"	"workspace/diagnostic/refresh"
[ERROR][2023-08-19 01:21:58] ...lsp/handlers.lua:543	"Unhandled exception: MethodNotFound\nError: MethodNotFound\n    at handleResponse (C:\\Users\\tranm\\AppData\\Local\\nvim-data\\mason\\packages\\css-lsp\\node_modules\\vscode-langservers-extracted\\node_modules\\vscode-jsonrpc\\lib\\common\\connection.js:565:48)\n    at handleMessage (C:\\Users\\tranm\\AppData\\Local\\nvim-data\\mason\\packages\\css-lsp\\node_modules\\vscode-langservers-extracted\\node_modules\\vscode-jsonrpc\\lib\\common\\connection.js:345:13)\n    at processMessageQueue (C:\\Users\\tranm\\AppData\\Local\\nvim-data\\mason\\packages\\css-lsp\\node_modules\\vscode-langservers-extracted\\node_modules\\vscode-jsonrpc\\lib\\common\\connection.js:362:17)\n    at Immediate.<anonymous> (C:\\Users\\tranm\\AppData\\Local\\nvim-data\\mason\\packages\\css-lsp\\node_modules\\vscode-langservers-extracted\\node_modules\\vscode-jsonrpc\\lib\\common\\connection.js:334:13)\n    at process.processImmediate (node:internal/timers:476:21)"
[ERROR][2023-08-19 01:21:58] ...lsp/handlers.lua:543	"Unhandled exception: MethodNotFound\nError: MethodNotFound\n    at handleResponse (C:\\Users\\tranm\\AppData\\Local\\nvim-data\\mason\\packages\\css-lsp\\node_modules\\vscode-langservers-extracted\\node_modules\\vscode-jsonrpc\\lib\\common\\connection.js:565:48)\n    at handleMessage (C:\\Users\\tranm\\AppData\\Local\\nvim-data\\mason\\packages\\css-lsp\\node_modules\\vscode-langservers-extracted\\node_modules\\vscode-jsonrpc\\lib\\common\\connection.js:345:13)\n    at processMessageQueue (C:\\Users\\tranm\\AppData\\Local\\nvim-data\\mason\\packages\\css-lsp\\node_modules\\vscode-langservers-extracted\\node_modules\\vscode-jsonrpc\\lib\\common\\connection.js:362:17)\n    at Immediate.<anonymous> (C:\\Users\\tranm\\AppData\\Local\\nvim-data\\mason\\packages\\css-lsp\\node_modules\\vscode-langservers-extracted\\node_modules\\vscode-jsonrpc\\lib\\common\\connection.js:334:13)\n    at process.processImmediate (node:internal/timers:476:21)"
[WARN][2023-08-19 01:34:41] .../lua/vim/lsp.lua:100	"method textDocument/signatureHelp is not supported by any of the servers registered for the current buffer"
[START][2023-08-19 21:14:05] LSP logging initiated
[WARN][2023-08-19 21:14:05] ...lsp/handlers.lua:134	"The language server emmet_ls triggers a registerCapability handler for workspace/didChangeConfiguration despite dynamicRegistration set to false. Report upstream, this warning is harmless"
[WARN][2023-08-19 21:14:05] ...lsp/handlers.lua:134	"The language server emmet_ls triggers a registerCapability handler for workspace/didChangeWorkspaceFolders despite dynamicRegistration set to false. Report upstream, this warning is harmless"
[WARN][2023-08-19 21:14:05] .../lua/vim/lsp.lua:1170	"server_request: no handler found for"	"workspace/diagnostic/refresh"
[WARN][2023-08-19 21:14:05] .../lua/vim/lsp.lua:1170	"server_request: no handler found for"	"workspace/diagnostic/refresh"
[ERROR][2023-08-19 21:14:05] ...lsp/handlers.lua:543	"Unhandled exception: MethodNotFound\nError: MethodNotFound\n    at handleResponse (C:\\Users\\tranm\\AppData\\Local\\nvim-data\\mason\\packages\\css-lsp\\node_modules\\vscode-langservers-extracted\\node_modules\\vscode-jsonrpc\\lib\\common\\connection.js:565:48)\n    at handleMessage (C:\\Users\\tranm\\AppData\\Local\\nvim-data\\mason\\packages\\css-lsp\\node_modules\\vscode-langservers-extracted\\node_modules\\vscode-jsonrpc\\lib\\common\\connection.js:345:13)\n    at processMessageQueue (C:\\Users\\tranm\\AppData\\Local\\nvim-data\\mason\\packages\\css-lsp\\node_modules\\vscode-langservers-extracted\\node_modules\\vscode-jsonrpc\\lib\\common\\connection.js:362:17)\n    at Immediate.<anonymous> (C:\\Users\\tranm\\AppData\\Local\\nvim-data\\mason\\packages\\css-lsp\\node_modules\\vscode-langservers-extracted\\node_modules\\vscode-jsonrpc\\lib\\common\\connection.js:334:13)\n    at process.processImmediate (node:internal/timers:476:21)"
[ERROR][2023-08-19 21:14:05] ...lsp/handlers.lua:543	"Unhandled exception: MethodNotFound\nError: MethodNotFound\n    at handleResponse (C:\\Users\\tranm\\AppData\\Local\\nvim-data\\mason\\packages\\css-lsp\\node_modules\\vscode-langservers-extracted\\node_modules\\vscode-jsonrpc\\lib\\common\\connection.js:565:48)\n    at handleMessage (C:\\Users\\tranm\\AppData\\Local\\nvim-data\\mason\\packages\\css-lsp\\node_modules\\vscode-langservers-extracted\\node_modules\\vscode-jsonrpc\\lib\\common\\connection.js:345:13)\n    at processMessageQueue (C:\\Users\\tranm\\AppData\\Local\\nvim-data\\mason\\packages\\css-lsp\\node_modules\\vscode-langservers-extracted\\node_modules\\vscode-jsonrpc\\lib\\common\\connection.js:362:17)\n    at Immediate.<anonymous> (C:\\Users\\tranm\\AppData\\Local\\nvim-data\\mason\\packages\\css-lsp\\node_modules\\vscode-langservers-extracted\\node_modules\\vscode-jsonrpc\\lib\\common\\connection.js:334:13)\n    at process.processImmediate (node:internal/timers:476:21)"
[WARN][2023-08-20 10:40:07] .../lua/vim/lsp.lua:100	"method textDocument/signatureHelp is not supported by any of the servers registered for the current buffer"
[WARN][2023-08-20 10:40:08] .../lua/vim/lsp.lua:100	"method textDocument/signatureHelp is not supported by any of the servers registered for the current buffer"
[WARN][2023-08-20 10:44:23] .../lua/vim/lsp.lua:100	"method textDocument/signatureHelp is not supported by any of the servers registered for the current buffer"
[WARN][2023-08-20 12:46:24] .../lua/vim/lsp.lua:100	"method textDocument/signatureHelp is not supported by any of the servers registered for the current buffer"
[WARN][2023-08-20 12:46:25] .../lua/vim/lsp.lua:100	"method textDocument/signatureHelp is not supported by any of the servers registered for the current buffer"
[WARN][2023-08-20 13:44:25] .../lua/vim/lsp.lua:100	"method textDocument/signatureHelp is not supported by any of the servers registered for the current buffer"
[WARN][2023-08-20 13:44:26] .../lua/vim/lsp.lua:100	"method textDocument/signatureHelp is not supported by any of the servers registered for the current buffer"
[WARN][2023-08-20 14:54:53] .../lua/vim/lsp.lua:100	"method textDocument/signatureHelp is not supported by any of the servers registered for the current buffer"
[WARN][2023-08-20 14:54:54] .../lua/vim/lsp.lua:100	"method textDocument/signatureHelp is not supported by any of the servers registered for the current buffer"
[START][2023-08-21 23:52:25] LSP logging initiated
[WARN][2023-08-21 23:52:25] ...lsp/handlers.lua:134	"The language server emmet_ls triggers a registerCapability handler for workspace/didChangeConfiguration despite dynamicRegistration set to false. Report upstream, this warning is harmless"
[WARN][2023-08-21 23:52:25] ...lsp/handlers.lua:134	"The language server emmet_ls triggers a registerCapability handler for workspace/didChangeWorkspaceFolders despite dynamicRegistration set to false. Report upstream, this warning is harmless"
[WARN][2023-08-21 23:52:25] .../lua/vim/lsp.lua:1170	"server_request: no handler found for"	"workspace/diagnostic/refresh"
[WARN][2023-08-21 23:52:25] .../lua/vim/lsp.lua:1170	"server_request: no handler found for"	"workspace/diagnostic/refresh"
[ERROR][2023-08-21 23:52:25] ...lsp/handlers.lua:543	"Unhandled exception: MethodNotFound\nError: MethodNotFound\n    at handleResponse (C:\\Users\\tranm\\AppData\\Local\\nvim-data\\mason\\packages\\css-lsp\\node_modules\\vscode-langservers-extracted\\node_modules\\vscode-jsonrpc\\lib\\common\\connection.js:565:48)\n    at handleMessage (C:\\Users\\tranm\\AppData\\Local\\nvim-data\\mason\\packages\\css-lsp\\node_modules\\vscode-langservers-extracted\\node_modules\\vscode-jsonrpc\\lib\\common\\connection.js:345:13)\n    at processMessageQueue (C:\\Users\\tranm\\AppData\\Local\\nvim-data\\mason\\packages\\css-lsp\\node_modules\\vscode-langservers-extracted\\node_modules\\vscode-jsonrpc\\lib\\common\\connection.js:362:17)\n    at Immediate.<anonymous> (C:\\Users\\tranm\\AppData\\Local\\nvim-data\\mason\\packages\\css-lsp\\node_modules\\vscode-langservers-extracted\\node_modules\\vscode-jsonrpc\\lib\\common\\connection.js:334:13)\n    at process.processImmediate (node:internal/timers:476:21)"
[ERROR][2023-08-21 23:52:25] ...lsp/handlers.lua:543	"Unhandled exception: MethodNotFound\nError: MethodNotFound\n    at handleResponse (C:\\Users\\tranm\\AppData\\Local\\nvim-data\\mason\\packages\\css-lsp\\node_modules\\vscode-langservers-extracted\\node_modules\\vscode-jsonrpc\\lib\\common\\connection.js:565:48)\n    at handleMessage (C:\\Users\\tranm\\AppData\\Local\\nvim-data\\mason\\packages\\css-lsp\\node_modules\\vscode-langservers-extracted\\node_modules\\vscode-jsonrpc\\lib\\common\\connection.js:345:13)\n    at processMessageQueue (C:\\Users\\tranm\\AppData\\Local\\nvim-data\\mason\\packages\\css-lsp\\node_modules\\vscode-langservers-extracted\\node_modules\\vscode-jsonrpc\\lib\\common\\connection.js:362:17)\n    at Immediate.<anonymous> (C:\\Users\\tranm\\AppData\\Local\\nvim-data\\mason\\packages\\css-lsp\\node_modules\\vscode-langservers-extracted\\node_modules\\vscode-jsonrpc\\lib\\common\\connection.js:334:13)\n    at process.processImmediate (node:internal/timers:476:21)"
[WARN][2023-08-21 23:52:36] .../lua/vim/lsp.lua:100	"method textDocument/signatureHelp is not supported by any of the servers registered for the current buffer"
[WARN][2023-08-21 23:52:37] .../lua/vim/lsp.lua:100	"method textDocument/signatureHelp is not supported by any of the servers registered for the current buffer"
